C:\Users\Zeno\.atom\packages\browser-plus\resources\bp-client.js:92 ~browser-plus-menu~
Projection.js:67 klaar met laden
ZBEZIERZ.js:1535 [840.1151354512682, 503.60893358320027, 728.894217061683, 403.89805921611133, 808.8626654272207, 278.8404574150824, 838.5410578663473, 379.96060652774247, 948.9947736408194, 167.61434480080288, 903.7904199664325, 363.7378957910953, 845.7649888725028, 420.3847590535929]
ZBEZIERZ.js:1576 0
ZBEZIERZ.js:1577 REF ==
ZBEZIERZ.js:1578 [Bezier]
ZBEZIERZ.js:1584 KK = 0.22595/0.22595
ZBEZIERZ.js:1598 FALSE
ZBEZIERZ.js:1576 2
ZBEZIERZ.js:1577 REF ==
ZBEZIERZ.js:1578 [Bezier, Bezier]
ZBEZIERZ.js:1584 KK = undefined
ZBEZIERZ.js:1586 YES HET SNIJD NIET
ZBEZIERZ.js:1576 4
ZBEZIERZ.js:1577 REF ==
ZBEZIERZ.js:1578 [Bezier, Bezier, Bezier]
ZBEZIERZ.js:1584 KK = undefined
ZBEZIERZ.js:1586 YES HET SNIJD NIET
ZBEZIERZ.js:1576 6
ZBEZIERZ.js:1577 REF ==
ZBEZIERZ.js:1578 [Bezier, Bezier, Bezier, Bezier]
ZBEZIERZ.js:1584 KK = undefined
ZBEZIERZ.js:1586 YES HET SNIJD NIET
ZBEZIERZ.js:1576 8
ZBEZIERZ.js:1577 REF ==
ZBEZIERZ.js:1578 [Bezier, Bezier, Bezier, Bezier, Bezier]
ZBEZIERZ.js:1584 KK = undefined
ZBEZIERZ.js:1586 YES HET SNIJD NIET
ZBEZIERZ.js:1576 10
ZBEZIERZ.js:1577 REF ==
ZBEZIERZ.js:1578 [Bezier, Bezier, Bezier, Bezier, Bezier, Bezier]
ZBEZIERZ.js:1584 KK = undefined
ZBEZIERZ.js:1586 YES HET SNIJD NIET
ZBEZIERZ.js:1633 KUUUUUUUUUUUUTTTT
ZBEZIERZ.js:1644 PolyBezier {curves: Array[8], _3d: undefined}
ZBEZIERZ.js:1645 SHIIIIIIIIT
Projection.js:248 vormpje
Projection.js:249 PolyBezier {curves: Array[8], _3d: undefined}
Projection.js:266 M 840.1151354512682 503.60893358320027 C 820.6366734827982 500.86115027695337 734.1029620656909 441.35947191079765 728.894217061683 403.89805921611133C 820.6366734827982 500.86115027695337 734.1029620656909 441.35947191079765 728.894217061683 403.89805921611133C 723.685472057675 366.436646521425 790.5881919597766 282.8300328631439 808.8626654272207 278.8404574150824C 827.1371388946648 274.85088196702094 815.1857064974141 398.4982919634557 838.5410578663473 379.96060652774247C 861.8964092352804 361.42292109202924 938.1198799574719 170.3181299235774 948.9947736408194 167.61434480080288C 959.8696673241669 164.91055967802836 920.9953840944853 321.6094934156303 903.7904199664325 363.7378957910953C 886.5854558383797 405.8662981665603 856.3775362916969 397.0729194215754 845.7649888725028 420.3847590535929C 835.1524414533088 443.6965986856104 859.5935974197382 506.35671688944717 840.1151354512682 503.60893358320027
